# JRE version: OpenJDK Runtime Environment (11.0.2+9) (build 11.0.2+9)
# Java VM: OpenJDK 64-Bit Server VM (11.0.2+9, mixed mode, tiered, compressed oops, g1 gc, windows-amd64)
Heap:
 garbage-first heap   total 164864K, used 111642K [0x0000000740000000, 0x0000000800000000)
  region size 1024K, 30 young (30720K), 0 survivors (0K)
 Metaspace       used 90480K, capacity 92825K, committed 93084K, reserved 1128448K
  class space    used 12749K, capacity 13817K, committed 13900K, reserved 1048576K
GC Heap History (10 events):
Event: 1018.095 GC heap before
{Heap before GC invocations=48 (full 1):
 garbage-first heap   total 164864K, used 144973K [0x0000000740000000, 0x0000000800000000)
  region size 1024K, 60 young (61440K), 3 survivors (3072K)
 Metaspace       used 88837K, capacity 91021K, committed 91292K, reserved 1126400K
  class space    used 12511K, capacity 13517K, committed 13644K, reserved 1048576K
}
Event: 1018.105 GC heap after
{Heap after GC invocations=49 (full 1):
 garbage-first heap   total 164864K, used 88598K [0x0000000740000000, 0x0000000800000000)
  region size 1024K, 5 young (5120K), 5 survivors (5120K)
 Metaspace       used 88837K, capacity 91021K, committed 91292K, reserved 1126400K
  class space    used 12511K, capacity 13517K, committed 13644K, reserved 1048576K
}
Event: 1021.061 GC heap before
{Heap before GC invocations=49 (full 1):
 garbage-first heap   total 164864K, used 144918K [0x0000000740000000, 0x0000000800000000)
  region size 1024K, 60 young (61440K), 5 survivors (5120K)
 Metaspace       used 89041K, capacity 91325K, committed 91548K, reserved 1128448K
  class space    used 12537K, capacity 13574K, committed 13644K, reserved 1048576K
}
Event: 1021.069 GC heap after
{Heap after GC invocations=50 (full 1):
 garbage-first heap   total 164864K, used 88312K [0x0000000740000000, 0x0000000800000000)
  region size 1024K, 4 young (4096K), 4 survivors (4096K)
 Metaspace       used 89041K, capacity 91325K, committed 91548K, reserved 1128448K
  class space    used 12537K, capacity 13574K, committed 13644K, reserved 1048576K
}
Event: 1029.705 GC heap before
{Heap before GC invocations=51 (full 1):
 garbage-first heap   total 164864K, used 120056K [0x0000000740000000, 0x0000000800000000)
  region size 1024K, 36 young (36864K), 4 survivors (4096K)
 Metaspace       used 90230K, capacity 92513K, committed 92828K, reserved 1128448K
  class space    used 12731K, capacity 13779K, committed 13900K, reserved 1048576K
}
Event: 1029.717 GC heap after
{Heap after GC invocations=52 (full 1):
 garbage-first heap   total 164864K, used 89160K [0x0000000740000000, 0x0000000800000000)
  region size 1024K, 5 young (5120K), 5 survivors (5120K)
 Metaspace       used 90230K, capacity 92513K, committed 92828K, reserved 1128448K
  class space    used 12731K, capacity 13779K, committed 13900K, reserved 1048576K
}
Event: 1030.674 GC heap before
{Heap before GC invocations=53 (full 1):
 garbage-first heap   total 164864K, used 147528K [0x0000000740000000, 0x0000000800000000)
  region size 1024K, 60 young (61440K), 5 survivors (5120K)
 Metaspace       used 90298K, capacity 92598K, committed 92828K, reserved 1128448K
  class space    used 12734K, capacity 13784K, committed 13900K, reserved 1048576K
}
Event: 1030.687 GC heap after
{Heap after GC invocations=54 (full 1):
 garbage-first heap   total 164864K, used 91288K [0x0000000740000000, 0x0000000800000000)
  region size 1024K, 4 young (4096K), 4 survivors (4096K)
 Metaspace       used 90298K, capacity 92598K, committed 92828K, reserved 1128448K
  class space    used 12734K, capacity 13784K, committed 13900K, reserved 1048576K
}
Event: 1031.289 GC heap before
{Heap before GC invocations=54 (full 1):
 garbage-first heap   total 164864K, used 125080K [0x0000000740000000, 0x0000000800000000)
  region size 1024K, 38 young (38912K), 4 survivors (4096K)
 Metaspace       used 90390K, capacity 92665K, committed 92828K, reserved 1128448K
  class space    used 12738K, capacity 13785K, committed 13900K, reserved 1048576K
}
Event: 1031.438 GC heap after
{Heap after GC invocations=55 (full 2):
 garbage-first heap   total 164864K, used 81946K [0x0000000740000000, 0x0000000800000000)
  region size 1024K, 0 young (0K), 0 survivors (0K)
 Metaspace       used 90390K, capacity 92665K, committed 92828K, reserved 1128448K
  class space    used 12738K, capacity 13785K, committed 13900K, reserved 1048576K
}

